

============================== 2022-03-30 19:53:00.004643 | c2e40c68-ea27-40a2-bd58-43426d491f84 ==============================
19:53:00.004643 [info ] [MainThread]: Running with dbt=1.0.4
19:53:00.005140 [debug] [MainThread]: running dbt with arguments Namespace(cls=<class 'dbt.task.run.RunTask'>, debug=None, defer=None, event_buffer_size=None, exclude=None, fail_fast=None, full_refresh=False, log_cache_events=False, log_format=None, partial_parse=None, printer_width=None, profile=None, profiles_dir='/home/pedro/.dbt', project_dir=None, record_timing_info=None, rpc_method='run', select=None, selector_name=None, send_anonymous_usage_stats=None, single_threaded=False, state=None, static_parser=None, target=None, threads=None, use_colors=None, use_experimental_parser=None, vars='{}', version_check=None, warn_error=None, which='run', write_json=None)
19:53:00.005376 [debug] [MainThread]: Tracking: tracking
19:53:00.013232 [debug] [MainThread]: Sending event: {'category': 'dbt', 'action': 'invocation', 'label': 'start', 'context': [<snowplow_tracker.self_describing_json.SelfDescribingJson object at 0x7f456b416cd0>, <snowplow_tracker.self_describing_json.SelfDescribingJson object at 0x7f456b416d60>, <snowplow_tracker.self_describing_json.SelfDescribingJson object at 0x7f456b416d30>]}
19:53:00.035025 [info ] [MainThread]: Partial parse save file not found. Starting full parse.
19:53:00.035336 [debug] [MainThread]: Sending event: {'category': 'dbt', 'action': 'partial_parser', 'label': 'c2e40c68-ea27-40a2-bd58-43426d491f84', 'context': [<snowplow_tracker.self_describing_json.SelfDescribingJson object at 0x7f456b41fac0>]}
19:53:00.050124 [debug] [MainThread]: Parsing macros/adapters.sql
19:53:00.084069 [debug] [MainThread]: Parsing macros/catalog.sql
19:53:00.085955 [debug] [MainThread]: Parsing macros/relations.sql
19:53:00.087057 [debug] [MainThread]: Parsing macros/materializations/snapshot_merge.sql
19:53:00.088563 [debug] [MainThread]: Parsing macros/generic_test_sql/not_null.sql
19:53:00.089136 [debug] [MainThread]: Parsing macros/generic_test_sql/accepted_values.sql
19:53:00.090324 [debug] [MainThread]: Parsing macros/generic_test_sql/unique.sql
19:53:00.090944 [debug] [MainThread]: Parsing macros/generic_test_sql/relationships.sql
19:53:00.091726 [debug] [MainThread]: Parsing macros/adapters/schema.sql
19:53:00.093625 [debug] [MainThread]: Parsing macros/adapters/relation.sql
19:53:00.101858 [debug] [MainThread]: Parsing macros/adapters/freshness.sql
19:53:00.104513 [debug] [MainThread]: Parsing macros/adapters/persist_docs.sql
19:53:00.108278 [debug] [MainThread]: Parsing macros/adapters/metadata.sql
19:53:00.114529 [debug] [MainThread]: Parsing macros/adapters/columns.sql
19:53:00.122921 [debug] [MainThread]: Parsing macros/adapters/indexes.sql
19:53:00.125571 [debug] [MainThread]: Parsing macros/etc/datetime.sql
19:53:00.133297 [debug] [MainThread]: Parsing macros/etc/statement.sql
19:53:00.137211 [debug] [MainThread]: Parsing macros/get_custom_name/get_custom_alias.sql
19:53:00.138672 [debug] [MainThread]: Parsing macros/get_custom_name/get_custom_schema.sql
19:53:00.140770 [debug] [MainThread]: Parsing macros/get_custom_name/get_custom_database.sql
19:53:00.142146 [debug] [MainThread]: Parsing macros/materializations/hooks.sql
19:53:00.145481 [debug] [MainThread]: Parsing macros/materializations/configs.sql
19:53:00.147484 [debug] [MainThread]: Parsing macros/materializations/snapshots/helpers.sql
19:53:00.156927 [debug] [MainThread]: Parsing macros/materializations/snapshots/snapshot_merge.sql
19:53:00.158452 [debug] [MainThread]: Parsing macros/materializations/snapshots/snapshot.sql
19:53:00.168377 [debug] [MainThread]: Parsing macros/materializations/snapshots/strategies.sql
19:53:00.182731 [debug] [MainThread]: Parsing macros/materializations/tests/helpers.sql
19:53:00.184301 [debug] [MainThread]: Parsing macros/materializations/tests/where_subquery.sql
19:53:00.185888 [debug] [MainThread]: Parsing macros/materializations/tests/test.sql
19:53:00.189602 [debug] [MainThread]: Parsing macros/materializations/seeds/seed.sql
19:53:00.194700 [debug] [MainThread]: Parsing macros/materializations/seeds/helpers.sql
19:53:00.208490 [debug] [MainThread]: Parsing macros/materializations/models/incremental/on_schema_change.sql
19:53:00.221425 [debug] [MainThread]: Parsing macros/materializations/models/incremental/is_incremental.sql
19:53:00.222751 [debug] [MainThread]: Parsing macros/materializations/models/incremental/merge.sql
19:53:00.232036 [debug] [MainThread]: Parsing macros/materializations/models/incremental/column_helpers.sql
19:53:00.235896 [debug] [MainThread]: Parsing macros/materializations/models/incremental/incremental.sql
19:53:00.244555 [debug] [MainThread]: Parsing macros/materializations/models/table/table.sql
19:53:00.250727 [debug] [MainThread]: Parsing macros/materializations/models/table/create_table_as.sql
19:53:00.253214 [debug] [MainThread]: Parsing macros/materializations/models/view/create_or_replace_view.sql
19:53:00.255579 [debug] [MainThread]: Parsing macros/materializations/models/view/helpers.sql
19:53:00.256771 [debug] [MainThread]: Parsing macros/materializations/models/view/view.sql
19:53:00.262641 [debug] [MainThread]: Parsing macros/materializations/models/view/create_view_as.sql
19:53:00.264735 [debug] [MainThread]: Parsing tests/generic/builtin.sql
19:53:00.438342 [debug] [MainThread]: 1699: static parser successfully parsed staging/stg_humanresources_employee.sql
19:53:00.488880 [debug] [MainThread]: Sending event: {'category': 'dbt', 'action': 'invocation', 'label': 'end', 'context': [<snowplow_tracker.self_describing_json.SelfDescribingJson object at 0x7f456a6f8be0>, <snowplow_tracker.self_describing_json.SelfDescribingJson object at 0x7f456a712700>, <snowplow_tracker.self_describing_json.SelfDescribingJson object at 0x7f456a7128e0>]}


============================== 2022-03-30 19:54:17.378369 | f0443d69-4732-4f41-83ab-6f41d0b44121 ==============================
19:54:17.378369 [info ] [MainThread]: Running with dbt=1.0.4
19:54:17.378863 [debug] [MainThread]: running dbt with arguments Namespace(cls=<class 'dbt.task.run.RunTask'>, debug=None, defer=None, event_buffer_size=None, exclude=None, fail_fast=None, full_refresh=False, log_cache_events=False, log_format=None, partial_parse=None, printer_width=None, profile=None, profiles_dir='/home/pedro/.dbt', project_dir=None, record_timing_info=None, rpc_method='run', select=None, selector_name=None, send_anonymous_usage_stats=None, single_threaded=False, state=None, static_parser=None, target=None, threads=None, use_colors=None, use_experimental_parser=None, vars='{}', version_check=None, warn_error=None, which='run', write_json=None)
19:54:17.379054 [debug] [MainThread]: Tracking: tracking
19:54:17.386767 [debug] [MainThread]: Sending event: {'category': 'dbt', 'action': 'invocation', 'label': 'start', 'context': [<snowplow_tracker.self_describing_json.SelfDescribingJson object at 0x7f30dd076d60>, <snowplow_tracker.self_describing_json.SelfDescribingJson object at 0x7f30dd076df0>, <snowplow_tracker.self_describing_json.SelfDescribingJson object at 0x7f30dd076dc0>]}
19:54:17.397946 [info ] [MainThread]: Partial parse save file not found. Starting full parse.
19:54:17.398268 [debug] [MainThread]: Sending event: {'category': 'dbt', 'action': 'partial_parser', 'label': 'f0443d69-4732-4f41-83ab-6f41d0b44121', 'context': [<snowplow_tracker.self_describing_json.SelfDescribingJson object at 0x7f30dd090bb0>]}
19:54:17.406195 [debug] [MainThread]: Parsing macros/adapters.sql
19:54:17.425891 [debug] [MainThread]: Parsing macros/catalog.sql
19:54:17.427772 [debug] [MainThread]: Parsing macros/relations.sql
19:54:17.428896 [debug] [MainThread]: Parsing macros/materializations/snapshot_merge.sql
19:54:17.430299 [debug] [MainThread]: Parsing macros/generic_test_sql/not_null.sql
19:54:17.430865 [debug] [MainThread]: Parsing macros/generic_test_sql/accepted_values.sql
19:54:17.432104 [debug] [MainThread]: Parsing macros/generic_test_sql/unique.sql
19:54:17.432731 [debug] [MainThread]: Parsing macros/generic_test_sql/relationships.sql
19:54:17.433669 [debug] [MainThread]: Parsing macros/adapters/schema.sql
19:54:17.435551 [debug] [MainThread]: Parsing macros/adapters/relation.sql
19:54:17.443615 [debug] [MainThread]: Parsing macros/adapters/freshness.sql
19:54:17.446252 [debug] [MainThread]: Parsing macros/adapters/persist_docs.sql
19:54:17.450004 [debug] [MainThread]: Parsing macros/adapters/metadata.sql
19:54:17.456514 [debug] [MainThread]: Parsing macros/adapters/columns.sql
19:54:17.464842 [debug] [MainThread]: Parsing macros/adapters/indexes.sql
19:54:17.467536 [debug] [MainThread]: Parsing macros/etc/datetime.sql
19:54:17.474811 [debug] [MainThread]: Parsing macros/etc/statement.sql
19:54:17.478540 [debug] [MainThread]: Parsing macros/get_custom_name/get_custom_alias.sql
19:54:17.479884 [debug] [MainThread]: Parsing macros/get_custom_name/get_custom_schema.sql
19:54:17.482004 [debug] [MainThread]: Parsing macros/get_custom_name/get_custom_database.sql
19:54:17.483334 [debug] [MainThread]: Parsing macros/materializations/hooks.sql
19:54:17.486592 [debug] [MainThread]: Parsing macros/materializations/configs.sql
19:54:17.488796 [debug] [MainThread]: Parsing macros/materializations/snapshots/helpers.sql
19:54:17.498081 [debug] [MainThread]: Parsing macros/materializations/snapshots/snapshot_merge.sql
19:54:17.499513 [debug] [MainThread]: Parsing macros/materializations/snapshots/snapshot.sql
19:54:17.509486 [debug] [MainThread]: Parsing macros/materializations/snapshots/strategies.sql
19:54:17.523924 [debug] [MainThread]: Parsing macros/materializations/tests/helpers.sql
19:54:17.525495 [debug] [MainThread]: Parsing macros/materializations/tests/where_subquery.sql
19:54:17.527027 [debug] [MainThread]: Parsing macros/materializations/tests/test.sql
19:54:17.530764 [debug] [MainThread]: Parsing macros/materializations/seeds/seed.sql
19:54:17.535839 [debug] [MainThread]: Parsing macros/materializations/seeds/helpers.sql
19:54:17.549935 [debug] [MainThread]: Parsing macros/materializations/models/incremental/on_schema_change.sql
19:54:17.563297 [debug] [MainThread]: Parsing macros/materializations/models/incremental/is_incremental.sql
19:54:17.564681 [debug] [MainThread]: Parsing macros/materializations/models/incremental/merge.sql
19:54:17.574085 [debug] [MainThread]: Parsing macros/materializations/models/incremental/column_helpers.sql
19:54:17.578401 [debug] [MainThread]: Parsing macros/materializations/models/incremental/incremental.sql
19:54:17.586960 [debug] [MainThread]: Parsing macros/materializations/models/table/table.sql
19:54:17.593363 [debug] [MainThread]: Parsing macros/materializations/models/table/create_table_as.sql
19:54:17.595960 [debug] [MainThread]: Parsing macros/materializations/models/view/create_or_replace_view.sql
19:54:17.598240 [debug] [MainThread]: Parsing macros/materializations/models/view/helpers.sql
19:54:17.599462 [debug] [MainThread]: Parsing macros/materializations/models/view/view.sql
19:54:17.605276 [debug] [MainThread]: Parsing macros/materializations/models/view/create_view_as.sql
19:54:17.607346 [debug] [MainThread]: Parsing tests/generic/builtin.sql
19:54:17.767031 [debug] [MainThread]: 1699: static parser successfully parsed staging/stg_humanresources_employee.sql
19:54:17.817038 [debug] [MainThread]: Sending event: {'category': 'dbt', 'action': 'invocation', 'label': 'end', 'context': [<snowplow_tracker.self_describing_json.SelfDescribingJson object at 0x7f30de8cbfa0>, <snowplow_tracker.self_describing_json.SelfDescribingJson object at 0x7f30dc37e610>, <snowplow_tracker.self_describing_json.SelfDescribingJson object at 0x7f30dc37e7f0>]}


============================== 2022-03-30 19:56:53.328709 | 41cba465-6db5-4774-94b7-a4be9149059a ==============================
19:56:53.328709 [info ] [MainThread]: Running with dbt=1.0.4
19:56:53.329148 [debug] [MainThread]: running dbt with arguments Namespace(cls=<class 'dbt.task.run.RunTask'>, debug=None, defer=None, event_buffer_size=None, exclude=None, fail_fast=None, full_refresh=False, log_cache_events=False, log_format=None, partial_parse=None, printer_width=None, profile=None, profiles_dir='/home/pedro/.dbt', project_dir=None, record_timing_info=None, rpc_method='run', select=None, selector_name=None, send_anonymous_usage_stats=None, single_threaded=False, state=None, static_parser=None, target=None, threads=None, use_colors=None, use_experimental_parser=None, vars='{}', version_check=None, warn_error=None, which='run', write_json=None)
19:56:53.329352 [debug] [MainThread]: Tracking: tracking
19:56:53.337128 [debug] [MainThread]: Sending event: {'category': 'dbt', 'action': 'invocation', 'label': 'start', 'context': [<snowplow_tracker.self_describing_json.SelfDescribingJson object at 0x7fa294b00d30>, <snowplow_tracker.self_describing_json.SelfDescribingJson object at 0x7fa294b00dc0>, <snowplow_tracker.self_describing_json.SelfDescribingJson object at 0x7fa294b00d90>]}
19:56:53.348299 [info ] [MainThread]: Partial parse save file not found. Starting full parse.
19:56:53.348615 [debug] [MainThread]: Sending event: {'category': 'dbt', 'action': 'partial_parser', 'label': '41cba465-6db5-4774-94b7-a4be9149059a', 'context': [<snowplow_tracker.self_describing_json.SelfDescribingJson object at 0x7fa294b0ab20>]}
19:56:53.356834 [debug] [MainThread]: Parsing macros/adapters.sql
19:56:53.376796 [debug] [MainThread]: Parsing macros/catalog.sql
19:56:53.378694 [debug] [MainThread]: Parsing macros/relations.sql
19:56:53.379884 [debug] [MainThread]: Parsing macros/materializations/snapshot_merge.sql
19:56:53.381293 [debug] [MainThread]: Parsing macros/generic_test_sql/not_null.sql
19:56:53.381882 [debug] [MainThread]: Parsing macros/generic_test_sql/accepted_values.sql
19:56:53.383088 [debug] [MainThread]: Parsing macros/generic_test_sql/unique.sql
19:56:53.383712 [debug] [MainThread]: Parsing macros/generic_test_sql/relationships.sql
19:56:53.384477 [debug] [MainThread]: Parsing macros/adapters/schema.sql
19:56:53.386370 [debug] [MainThread]: Parsing macros/adapters/relation.sql
19:56:53.394748 [debug] [MainThread]: Parsing macros/adapters/freshness.sql
19:56:53.397264 [debug] [MainThread]: Parsing macros/adapters/persist_docs.sql
19:56:53.401010 [debug] [MainThread]: Parsing macros/adapters/metadata.sql
19:56:53.407211 [debug] [MainThread]: Parsing macros/adapters/columns.sql
19:56:53.415469 [debug] [MainThread]: Parsing macros/adapters/indexes.sql
19:56:53.417811 [debug] [MainThread]: Parsing macros/etc/datetime.sql
19:56:53.424871 [debug] [MainThread]: Parsing macros/etc/statement.sql
19:56:53.428803 [debug] [MainThread]: Parsing macros/get_custom_name/get_custom_alias.sql
19:56:53.430125 [debug] [MainThread]: Parsing macros/get_custom_name/get_custom_schema.sql
19:56:53.432209 [debug] [MainThread]: Parsing macros/get_custom_name/get_custom_database.sql
19:56:53.433531 [debug] [MainThread]: Parsing macros/materializations/hooks.sql
19:56:53.436963 [debug] [MainThread]: Parsing macros/materializations/configs.sql
19:56:53.438970 [debug] [MainThread]: Parsing macros/materializations/snapshots/helpers.sql
19:56:53.448455 [debug] [MainThread]: Parsing macros/materializations/snapshots/snapshot_merge.sql
19:56:53.449961 [debug] [MainThread]: Parsing macros/materializations/snapshots/snapshot.sql
19:56:53.459731 [debug] [MainThread]: Parsing macros/materializations/snapshots/strategies.sql
19:56:53.474056 [debug] [MainThread]: Parsing macros/materializations/tests/helpers.sql
19:56:53.475618 [debug] [MainThread]: Parsing macros/materializations/tests/where_subquery.sql
19:56:53.477196 [debug] [MainThread]: Parsing macros/materializations/tests/test.sql
19:56:53.481131 [debug] [MainThread]: Parsing macros/materializations/seeds/seed.sql
19:56:53.486337 [debug] [MainThread]: Parsing macros/materializations/seeds/helpers.sql
19:56:53.500178 [debug] [MainThread]: Parsing macros/materializations/models/incremental/on_schema_change.sql
19:56:53.513730 [debug] [MainThread]: Parsing macros/materializations/models/incremental/is_incremental.sql
19:56:53.515151 [debug] [MainThread]: Parsing macros/materializations/models/incremental/merge.sql
19:56:53.525066 [debug] [MainThread]: Parsing macros/materializations/models/incremental/column_helpers.sql
19:56:53.528856 [debug] [MainThread]: Parsing macros/materializations/models/incremental/incremental.sql
19:56:53.537430 [debug] [MainThread]: Parsing macros/materializations/models/table/table.sql
19:56:53.543606 [debug] [MainThread]: Parsing macros/materializations/models/table/create_table_as.sql
19:56:53.546201 [debug] [MainThread]: Parsing macros/materializations/models/view/create_or_replace_view.sql
19:56:53.548534 [debug] [MainThread]: Parsing macros/materializations/models/view/helpers.sql
19:56:53.549755 [debug] [MainThread]: Parsing macros/materializations/models/view/view.sql
19:56:53.555619 [debug] [MainThread]: Parsing macros/materializations/models/view/create_view_as.sql
19:56:53.557860 [debug] [MainThread]: Parsing tests/generic/builtin.sql
19:56:53.718774 [debug] [MainThread]: 1699: static parser successfully parsed staging/stg_humanresources_employee.sql
19:56:53.776411 [warn ] [MainThread]: [[33mWARNING[0m]: Configuration paths exist in your dbt_project.yml file which do not apply to any resources.
There are 1 unused configuration paths:
- models.adventure_works.example

19:56:53.780497 [debug] [MainThread]: Sending event: {'category': 'dbt', 'action': 'load_project', 'label': '41cba465-6db5-4774-94b7-a4be9149059a', 'context': [<snowplow_tracker.self_describing_json.SelfDescribingJson object at 0x7fa294b44c10>]}
19:56:53.784800 [debug] [MainThread]: Sending event: {'category': 'dbt', 'action': 'resource_counts', 'label': '41cba465-6db5-4774-94b7-a4be9149059a', 'context': [<snowplow_tracker.self_describing_json.SelfDescribingJson object at 0x7fa294b446a0>]}
19:56:53.785160 [info ] [MainThread]: Found 1 model, 0 tests, 0 snapshots, 0 analyses, 165 macros, 0 operations, 0 seed files, 1 source, 0 exposures, 0 metrics
19:56:53.786393 [info ] [MainThread]: 
19:56:53.786941 [debug] [MainThread]: Acquiring new postgres connection "master"
19:56:53.787706 [debug] [ThreadPool]: Acquiring new postgres connection "list_Adventureworks"
19:56:53.795577 [debug] [ThreadPool]: Using postgres connection "list_Adventureworks"
19:56:53.795788 [debug] [ThreadPool]: On list_Adventureworks: /* {"app": "dbt", "dbt_version": "1.0.4", "profile_name": "adventure_works", "target_name": "dev", "connection_name": "list_Adventureworks"} */

    select distinct nspname from pg_namespace
  
19:56:53.795923 [debug] [ThreadPool]: Opening a new connection, currently in state init
19:56:55.230387 [debug] [ThreadPool]: SQL status: SELECT 22 in 1.43 seconds
19:56:55.235218 [debug] [ThreadPool]: On list_Adventureworks: Close
19:56:55.238681 [debug] [ThreadPool]: Acquiring new postgres connection "list_Adventureworks_humanresources"
19:56:55.258411 [debug] [ThreadPool]: Using postgres connection "list_Adventureworks_humanresources"
19:56:55.258948 [debug] [ThreadPool]: On list_Adventureworks_humanresources: BEGIN
19:56:55.259354 [debug] [ThreadPool]: Opening a new connection, currently in state closed
19:56:56.552002 [debug] [ThreadPool]: SQL status: BEGIN in 1.29 seconds
19:56:56.552374 [debug] [ThreadPool]: Using postgres connection "list_Adventureworks_humanresources"
19:56:56.552639 [debug] [ThreadPool]: On list_Adventureworks_humanresources: /* {"app": "dbt", "dbt_version": "1.0.4", "profile_name": "adventure_works", "target_name": "dev", "connection_name": "list_Adventureworks_humanresources"} */
select
      'Adventureworks' as database,
      tablename as name,
      schemaname as schema,
      'table' as type
    from pg_tables
    where schemaname ilike 'humanresources'
    union all
    select
      'Adventureworks' as database,
      viewname as name,
      schemaname as schema,
      'view' as type
    from pg_views
    where schemaname ilike 'humanresources'
  
19:56:56.715623 [debug] [ThreadPool]: SQL status: SELECT 12 in 0.16 seconds
19:56:56.716766 [debug] [ThreadPool]: On list_Adventureworks_humanresources: ROLLBACK
19:56:56.888245 [debug] [ThreadPool]: On list_Adventureworks_humanresources: Close
19:56:56.902133 [debug] [MainThread]: Using postgres connection "master"
19:56:56.902898 [debug] [MainThread]: On master: BEGIN
19:56:56.903547 [debug] [MainThread]: Opening a new connection, currently in state init
19:56:58.317430 [debug] [MainThread]: SQL status: BEGIN in 1.41 seconds
19:56:58.317648 [debug] [MainThread]: Using postgres connection "master"
19:56:58.317780 [debug] [MainThread]: On master: /* {"app": "dbt", "dbt_version": "1.0.4", "profile_name": "adventure_works", "target_name": "dev", "connection_name": "master"} */
with relation as (
        select
            pg_rewrite.ev_class as class,
            pg_rewrite.oid as id
        from pg_rewrite
    ),
    class as (
        select
            oid as id,
            relname as name,
            relnamespace as schema,
            relkind as kind
        from pg_class
    ),
    dependency as (
        select
            pg_depend.objid as id,
            pg_depend.refobjid as ref
        from pg_depend
    ),
    schema as (
        select
            pg_namespace.oid as id,
            pg_namespace.nspname as name
        from pg_namespace
        where nspname != 'information_schema' and nspname not like 'pg\_%'
    ),
    referenced as (
        select
            relation.id AS id,
            referenced_class.name ,
            referenced_class.schema ,
            referenced_class.kind
        from relation
        join class as referenced_class on relation.class=referenced_class.id
        where referenced_class.kind in ('r', 'v')
    ),
    relationships as (
        select
            referenced.name as referenced_name,
            referenced.schema as referenced_schema_id,
            dependent_class.name as dependent_name,
            dependent_class.schema as dependent_schema_id,
            referenced.kind as kind
        from referenced
        join dependency on referenced.id=dependency.id
        join class as dependent_class on dependency.ref=dependent_class.id
        where
            (referenced.name != dependent_class.name or
             referenced.schema != dependent_class.schema)
    )

    select
        referenced_schema.name as referenced_schema,
        relationships.referenced_name as referenced_name,
        dependent_schema.name as dependent_schema,
        relationships.dependent_name as dependent_name
    from relationships
    join schema as dependent_schema on relationships.dependent_schema_id=dependent_schema.id
    join schema as referenced_schema on relationships.referenced_schema_id=referenced_schema.id
    group by referenced_schema, referenced_name, dependent_schema, dependent_name
    order by referenced_schema, referenced_name, dependent_schema, dependent_name;
19:57:06.914697 [debug] [MainThread]: SQL status: SELECT 146 in 8.6 seconds
19:57:06.925211 [debug] [MainThread]: On master: ROLLBACK
19:57:07.092811 [debug] [MainThread]: Using postgres connection "master"
19:57:07.093037 [debug] [MainThread]: On master: BEGIN
19:57:07.425273 [debug] [MainThread]: SQL status: BEGIN in 0.33 seconds
19:57:07.425503 [debug] [MainThread]: On master: COMMIT
19:57:07.425640 [debug] [MainThread]: Using postgres connection "master"
19:57:07.425763 [debug] [MainThread]: On master: COMMIT
19:57:07.587485 [debug] [MainThread]: SQL status: COMMIT in 0.16 seconds
19:57:07.587722 [debug] [MainThread]: On master: Close
19:57:07.588119 [info ] [MainThread]: Concurrency: 4 threads (target='dev')
19:57:07.588378 [info ] [MainThread]: 
19:57:07.609137 [debug] [Thread-1  ]: Began running node model.adventure_works.stg_humanresources_employee
19:57:07.609426 [info ] [Thread-1  ]: 1 of 1 START view model humanresources.stg_humanresources_employee.............. [RUN]
19:57:07.609837 [debug] [Thread-1  ]: Acquiring new postgres connection "model.adventure_works.stg_humanresources_employee"
19:57:07.609987 [debug] [Thread-1  ]: Began compiling node model.adventure_works.stg_humanresources_employee
19:57:07.610137 [debug] [Thread-1  ]: Compiling model.adventure_works.stg_humanresources_employee
19:57:07.612110 [debug] [Thread-1  ]: Writing injected SQL for node "model.adventure_works.stg_humanresources_employee"
19:57:07.612501 [debug] [Thread-1  ]: finished collecting timing info
19:57:07.612654 [debug] [Thread-1  ]: Began executing node model.adventure_works.stg_humanresources_employee
19:57:07.630837 [debug] [Thread-1  ]: Writing runtime SQL for node "model.adventure_works.stg_humanresources_employee"
19:57:07.631256 [debug] [Thread-1  ]: Using postgres connection "model.adventure_works.stg_humanresources_employee"
19:57:07.631410 [debug] [Thread-1  ]: On model.adventure_works.stg_humanresources_employee: BEGIN
19:57:07.631536 [debug] [Thread-1  ]: Opening a new connection, currently in state closed
19:57:08.917959 [debug] [Thread-1  ]: SQL status: BEGIN in 1.29 seconds
19:57:08.918750 [debug] [Thread-1  ]: Using postgres connection "model.adventure_works.stg_humanresources_employee"
19:57:08.919347 [debug] [Thread-1  ]: On model.adventure_works.stg_humanresources_employee: /* {"app": "dbt", "dbt_version": "1.0.4", "profile_name": "adventure_works", "target_name": "dev", "node_id": "model.adventure_works.stg_humanresources_employee"} */

  create view "Adventureworks"."humanresources"."stg_humanresources_employee__dbt_tmp" as (
    with source_data as(
    SELECT
    businessentityid
    ,nationalidnumber
    ,jobtitle
    ,birthdate
    ,maritalstatus
    ,gender
    ,hiredate
    ,salariedflag
    ,vacationhours
    ,sickleavehours
    ,currentflag


    from "Adventureworks"."adventureworks"."employee"
)

select * from source_data
  );
19:57:09.076742 [debug] [Thread-1  ]: Postgres adapter: Postgres error: relation "adventureworks.employee" does not exist
LINE 19:     from "Adventureworks"."adventureworks"."employee"
                  ^

19:57:09.076962 [debug] [Thread-1  ]: On model.adventure_works.stg_humanresources_employee: ROLLBACK
19:57:09.234575 [debug] [Thread-1  ]: finished collecting timing info
19:57:09.234790 [debug] [Thread-1  ]: On model.adventure_works.stg_humanresources_employee: Close
19:57:09.235132 [debug] [Thread-1  ]: Database Error in model stg_humanresources_employee (models/staging/stg_humanresources_employee.sql)
  relation "adventureworks.employee" does not exist
  LINE 19:     from "Adventureworks"."adventureworks"."employee"
                    ^
  compiled SQL at target/run/adventure_works/models/staging/stg_humanresources_employee.sql
19:57:09.235378 [debug] [Thread-1  ]: Sending event: {'category': 'dbt', 'action': 'run_model', 'label': '41cba465-6db5-4774-94b7-a4be9149059a', 'context': [<snowplow_tracker.self_describing_json.SelfDescribingJson object at 0x7fa28c4fc130>]}
19:57:09.235673 [error] [Thread-1  ]: 1 of 1 ERROR creating view model humanresources.stg_humanresources_employee..... [[31mERROR[0m in 1.63s]
19:57:09.235972 [debug] [Thread-1  ]: Finished running node model.adventure_works.stg_humanresources_employee
19:57:09.237013 [debug] [MainThread]: Acquiring new postgres connection "master"
19:57:09.237186 [debug] [MainThread]: Using postgres connection "master"
19:57:09.237315 [debug] [MainThread]: On master: BEGIN
19:57:09.237433 [debug] [MainThread]: Opening a new connection, currently in state closed
19:57:10.551720 [debug] [MainThread]: SQL status: BEGIN in 1.31 seconds
19:57:10.552568 [debug] [MainThread]: On master: COMMIT
19:57:10.553212 [debug] [MainThread]: Using postgres connection "master"
19:57:10.553802 [debug] [MainThread]: On master: COMMIT
19:57:10.715034 [debug] [MainThread]: SQL status: COMMIT in 0.16 seconds
19:57:10.715274 [debug] [MainThread]: On master: Close
19:57:10.715693 [info ] [MainThread]: 
19:57:10.715943 [info ] [MainThread]: Finished running 1 view model in 16.93s.
19:57:10.716172 [debug] [MainThread]: Connection 'master' was properly closed.
19:57:10.716295 [debug] [MainThread]: Connection 'model.adventure_works.stg_humanresources_employee' was properly closed.
19:57:10.720485 [info ] [MainThread]: 
19:57:10.720788 [info ] [MainThread]: [31mCompleted with 1 error and 0 warnings:[0m
19:57:10.721052 [info ] [MainThread]: 
19:57:10.721286 [error] [MainThread]: [33mDatabase Error in model stg_humanresources_employee (models/staging/stg_humanresources_employee.sql)[0m
19:57:10.721524 [error] [MainThread]:   relation "adventureworks.employee" does not exist
19:57:10.721758 [error] [MainThread]:   LINE 19:     from "Adventureworks"."adventureworks"."employee"
19:57:10.721976 [error] [MainThread]:                     ^
19:57:10.722191 [error] [MainThread]:   compiled SQL at target/run/adventure_works/models/staging/stg_humanresources_employee.sql
19:57:10.722427 [info ] [MainThread]: 
19:57:10.722665 [info ] [MainThread]: Done. PASS=0 WARN=0 ERROR=1 SKIP=0 TOTAL=1
19:57:10.722988 [debug] [MainThread]: Sending event: {'category': 'dbt', 'action': 'invocation', 'label': 'end', 'context': [<snowplow_tracker.self_describing_json.SelfDescribingJson object at 0x7fa28f5661c0>, <snowplow_tracker.self_describing_json.SelfDescribingJson object at 0x7fa28f566100>, <snowplow_tracker.self_describing_json.SelfDescribingJson object at 0x7fa28f566160>]}


============================== 2022-03-30 20:00:01.542980 | 51572927-edc0-49b7-8feb-2cf92d2282b4 ==============================
20:00:01.542980 [info ] [MainThread]: Running with dbt=1.0.4
20:00:01.543501 [debug] [MainThread]: running dbt with arguments Namespace(cls=<class 'dbt.task.run.RunTask'>, debug=None, defer=None, event_buffer_size=None, exclude=None, fail_fast=None, full_refresh=False, log_cache_events=False, log_format=None, partial_parse=None, printer_width=None, profile=None, profiles_dir='/home/pedro/.dbt', project_dir=None, record_timing_info=None, rpc_method='run', select=None, selector_name=None, send_anonymous_usage_stats=None, single_threaded=False, state=None, static_parser=None, target=None, threads=None, use_colors=None, use_experimental_parser=None, vars='{}', version_check=None, warn_error=None, which='run', write_json=None)
20:00:01.543711 [debug] [MainThread]: Tracking: tracking
20:00:01.551429 [debug] [MainThread]: Sending event: {'category': 'dbt', 'action': 'invocation', 'label': 'start', 'context': [<snowplow_tracker.self_describing_json.SelfDescribingJson object at 0x7f28b88bbdc0>, <snowplow_tracker.self_describing_json.SelfDescribingJson object at 0x7f28b88bbe50>, <snowplow_tracker.self_describing_json.SelfDescribingJson object at 0x7f28b88bbe20>]}
20:00:01.574802 [debug] [MainThread]: Partial parsing enabled: 0 files deleted, 0 files added, 1 files changed.
20:00:01.575242 [debug] [MainThread]: Partial parsing: updated file: adventure_works://models/staging/stg_humanresources_employee.sql
20:00:01.584757 [debug] [MainThread]: 1699: static parser successfully parsed staging/stg_humanresources_employee.sql
20:00:01.595143 [debug] [MainThread]: Sending event: {'category': 'dbt', 'action': 'invocation', 'label': 'end', 'context': [<snowplow_tracker.self_describing_json.SelfDescribingJson object at 0x7f28b88228e0>, <snowplow_tracker.self_describing_json.SelfDescribingJson object at 0x7f28b8828130>, <snowplow_tracker.self_describing_json.SelfDescribingJson object at 0x7f28b8828100>]}


============================== 2022-03-30 20:00:27.460378 | ea23ab60-e51e-47ab-bee3-bfe5922162fb ==============================
20:00:27.460378 [info ] [MainThread]: Running with dbt=1.0.4
20:00:27.460814 [debug] [MainThread]: running dbt with arguments Namespace(cls=<class 'dbt.task.run.RunTask'>, debug=None, defer=None, event_buffer_size=None, exclude=None, fail_fast=None, full_refresh=False, log_cache_events=False, log_format=None, partial_parse=None, printer_width=None, profile=None, profiles_dir='/home/pedro/.dbt', project_dir=None, record_timing_info=None, rpc_method='run', select=None, selector_name=None, send_anonymous_usage_stats=None, single_threaded=False, state=None, static_parser=None, target=None, threads=None, use_colors=None, use_experimental_parser=None, vars='{}', version_check=None, warn_error=None, which='run', write_json=None)
20:00:27.461009 [debug] [MainThread]: Tracking: tracking
20:00:27.468912 [debug] [MainThread]: Sending event: {'category': 'dbt', 'action': 'invocation', 'label': 'start', 'context': [<snowplow_tracker.self_describing_json.SelfDescribingJson object at 0x7fd2ab31bcd0>, <snowplow_tracker.self_describing_json.SelfDescribingJson object at 0x7fd2ab31bd60>, <snowplow_tracker.self_describing_json.SelfDescribingJson object at 0x7fd2ab31bd30>]}
20:00:27.492325 [debug] [MainThread]: Partial parsing enabled: 0 files deleted, 0 files added, 2 files changed.
20:00:27.492785 [debug] [MainThread]: Partial parsing: deleted source source.adventure_works.adventureworks.employee
20:00:27.492946 [debug] [MainThread]: Partial parsing: update schema file: adventure_works://models/sources.yml
20:00:27.493135 [debug] [MainThread]: Partial parsing: updated file: adventure_works://models/staging/stg_humanresources_employee.sql
20:00:27.502170 [debug] [MainThread]: 1699: static parser successfully parsed staging/stg_humanresources_employee.sql
20:00:27.534741 [warn ] [MainThread]: [[33mWARNING[0m]: Configuration paths exist in your dbt_project.yml file which do not apply to any resources.
There are 1 unused configuration paths:
- models.adventure_works.example

20:00:27.538708 [debug] [MainThread]: Sending event: {'category': 'dbt', 'action': 'load_project', 'label': 'ea23ab60-e51e-47ab-bee3-bfe5922162fb', 'context': [<snowplow_tracker.self_describing_json.SelfDescribingJson object at 0x7fd2aa58aaf0>]}
20:00:27.543238 [debug] [MainThread]: Sending event: {'category': 'dbt', 'action': 'resource_counts', 'label': 'ea23ab60-e51e-47ab-bee3-bfe5922162fb', 'context': [<snowplow_tracker.self_describing_json.SelfDescribingJson object at 0x7fd2ab2c8670>]}
20:00:27.543524 [info ] [MainThread]: Found 1 model, 1 test, 0 snapshots, 0 analyses, 165 macros, 0 operations, 0 seed files, 1 source, 0 exposures, 0 metrics
20:00:27.544591 [info ] [MainThread]: 
20:00:27.545092 [debug] [MainThread]: Acquiring new postgres connection "master"
20:00:27.546410 [debug] [ThreadPool]: Acquiring new postgres connection "list_Adventureworks"
20:00:27.555574 [debug] [ThreadPool]: Using postgres connection "list_Adventureworks"
20:00:27.555817 [debug] [ThreadPool]: On list_Adventureworks: /* {"app": "dbt", "dbt_version": "1.0.4", "profile_name": "adventure_works", "target_name": "dev", "connection_name": "list_Adventureworks"} */

    select distinct nspname from pg_namespace
  
20:00:27.555968 [debug] [ThreadPool]: Opening a new connection, currently in state init
20:00:28.834062 [debug] [ThreadPool]: SQL status: SELECT 22 in 1.28 seconds
20:00:28.835286 [debug] [ThreadPool]: On list_Adventureworks: Close
20:00:28.836196 [debug] [ThreadPool]: Acquiring new postgres connection "list_Adventureworks_humanresources"
20:00:28.840937 [debug] [ThreadPool]: Using postgres connection "list_Adventureworks_humanresources"
20:00:28.841140 [debug] [ThreadPool]: On list_Adventureworks_humanresources: BEGIN
20:00:28.841371 [debug] [ThreadPool]: Opening a new connection, currently in state closed
20:00:30.155707 [debug] [ThreadPool]: SQL status: BEGIN in 1.31 seconds
20:00:30.155945 [debug] [ThreadPool]: Using postgres connection "list_Adventureworks_humanresources"
20:00:30.156083 [debug] [ThreadPool]: On list_Adventureworks_humanresources: /* {"app": "dbt", "dbt_version": "1.0.4", "profile_name": "adventure_works", "target_name": "dev", "connection_name": "list_Adventureworks_humanresources"} */
select
      'Adventureworks' as database,
      tablename as name,
      schemaname as schema,
      'table' as type
    from pg_tables
    where schemaname ilike 'humanresources'
    union all
    select
      'Adventureworks' as database,
      viewname as name,
      schemaname as schema,
      'view' as type
    from pg_views
    where schemaname ilike 'humanresources'
  
20:00:30.324652 [debug] [ThreadPool]: SQL status: SELECT 12 in 0.17 seconds
20:00:30.329748 [debug] [ThreadPool]: On list_Adventureworks_humanresources: ROLLBACK
20:00:30.493087 [debug] [ThreadPool]: On list_Adventureworks_humanresources: Close
20:00:30.496646 [debug] [MainThread]: Using postgres connection "master"
20:00:30.496858 [debug] [MainThread]: On master: BEGIN
20:00:30.496991 [debug] [MainThread]: Opening a new connection, currently in state init
20:00:31.794916 [debug] [MainThread]: SQL status: BEGIN in 1.3 seconds
20:00:31.795769 [debug] [MainThread]: Using postgres connection "master"
20:00:31.796511 [debug] [MainThread]: On master: /* {"app": "dbt", "dbt_version": "1.0.4", "profile_name": "adventure_works", "target_name": "dev", "connection_name": "master"} */
with relation as (
        select
            pg_rewrite.ev_class as class,
            pg_rewrite.oid as id
        from pg_rewrite
    ),
    class as (
        select
            oid as id,
            relname as name,
            relnamespace as schema,
            relkind as kind
        from pg_class
    ),
    dependency as (
        select
            pg_depend.objid as id,
            pg_depend.refobjid as ref
        from pg_depend
    ),
    schema as (
        select
            pg_namespace.oid as id,
            pg_namespace.nspname as name
        from pg_namespace
        where nspname != 'information_schema' and nspname not like 'pg\_%'
    ),
    referenced as (
        select
            relation.id AS id,
            referenced_class.name ,
            referenced_class.schema ,
            referenced_class.kind
        from relation
        join class as referenced_class on relation.class=referenced_class.id
        where referenced_class.kind in ('r', 'v')
    ),
    relationships as (
        select
            referenced.name as referenced_name,
            referenced.schema as referenced_schema_id,
            dependent_class.name as dependent_name,
            dependent_class.schema as dependent_schema_id,
            referenced.kind as kind
        from referenced
        join dependency on referenced.id=dependency.id
        join class as dependent_class on dependency.ref=dependent_class.id
        where
            (referenced.name != dependent_class.name or
             referenced.schema != dependent_class.schema)
    )

    select
        referenced_schema.name as referenced_schema,
        relationships.referenced_name as referenced_name,
        dependent_schema.name as dependent_schema,
        relationships.dependent_name as dependent_name
    from relationships
    join schema as dependent_schema on relationships.dependent_schema_id=dependent_schema.id
    join schema as referenced_schema on relationships.referenced_schema_id=referenced_schema.id
    group by referenced_schema, referenced_name, dependent_schema, dependent_name
    order by referenced_schema, referenced_name, dependent_schema, dependent_name;
20:00:40.396018 [debug] [MainThread]: SQL status: SELECT 146 in 8.6 seconds
20:00:40.399421 [debug] [MainThread]: On master: ROLLBACK
20:00:40.562743 [debug] [MainThread]: Using postgres connection "master"
20:00:40.563195 [debug] [MainThread]: On master: BEGIN
20:00:40.888257 [debug] [MainThread]: SQL status: BEGIN in 0.32 seconds
20:00:40.888488 [debug] [MainThread]: On master: COMMIT
20:00:40.888625 [debug] [MainThread]: Using postgres connection "master"
20:00:40.888749 [debug] [MainThread]: On master: COMMIT
20:00:41.049184 [debug] [MainThread]: SQL status: COMMIT in 0.16 seconds
20:00:41.050060 [debug] [MainThread]: On master: Close
20:00:41.051581 [info ] [MainThread]: Concurrency: 4 threads (target='dev')
20:00:41.052812 [info ] [MainThread]: 
20:00:41.077035 [debug] [Thread-1  ]: Began running node model.adventure_works.stg_humanresources_employee
20:00:41.077751 [info ] [Thread-1  ]: 1 of 1 START view model humanresources.stg_humanresources_employee.............. [RUN]
20:00:41.078781 [debug] [Thread-1  ]: Acquiring new postgres connection "model.adventure_works.stg_humanresources_employee"
20:00:41.079146 [debug] [Thread-1  ]: Began compiling node model.adventure_works.stg_humanresources_employee
20:00:41.079534 [debug] [Thread-1  ]: Compiling model.adventure_works.stg_humanresources_employee
20:00:41.086034 [debug] [Thread-1  ]: Writing injected SQL for node "model.adventure_works.stg_humanresources_employee"
20:00:41.086782 [debug] [Thread-1  ]: finished collecting timing info
20:00:41.087126 [debug] [Thread-1  ]: Began executing node model.adventure_works.stg_humanresources_employee
20:00:41.135784 [debug] [Thread-1  ]: Writing runtime SQL for node "model.adventure_works.stg_humanresources_employee"
20:00:41.136183 [debug] [Thread-1  ]: Using postgres connection "model.adventure_works.stg_humanresources_employee"
20:00:41.136356 [debug] [Thread-1  ]: On model.adventure_works.stg_humanresources_employee: BEGIN
20:00:41.136479 [debug] [Thread-1  ]: Opening a new connection, currently in state closed
20:00:42.415636 [debug] [Thread-1  ]: SQL status: BEGIN in 1.28 seconds
20:00:42.415855 [debug] [Thread-1  ]: Using postgres connection "model.adventure_works.stg_humanresources_employee"
20:00:42.415992 [debug] [Thread-1  ]: On model.adventure_works.stg_humanresources_employee: /* {"app": "dbt", "dbt_version": "1.0.4", "profile_name": "adventure_works", "target_name": "dev", "node_id": "model.adventure_works.stg_humanresources_employee"} */

  create view "Adventureworks"."humanresources"."stg_humanresources_employee__dbt_tmp" as (
    with source_data as(
    SELECT
    businessentityid
    ,nationalidnumber
    ,jobtitle
    ,birthdate
    ,maritalstatus
    ,gender
    ,hiredate
    ,salariedflag
    ,vacationhours
    ,sickleavehours
    ,currentflag


    from "Adventureworks"."humanresources"."employee"
)

select * from source_data
  );
20:00:42.576442 [debug] [Thread-1  ]: Postgres adapter: Postgres error: permission denied for schema humanresources

20:00:42.577040 [debug] [Thread-1  ]: On model.adventure_works.stg_humanresources_employee: ROLLBACK
20:00:42.739216 [debug] [Thread-1  ]: finished collecting timing info
20:00:42.739571 [debug] [Thread-1  ]: On model.adventure_works.stg_humanresources_employee: Close
20:00:42.740126 [debug] [Thread-1  ]: Database Error in model stg_humanresources_employee (models/staging/stg_humanresources_employee.sql)
  permission denied for schema humanresources
  compiled SQL at target/run/adventure_works/models/staging/stg_humanresources_employee.sql
20:00:42.740484 [debug] [Thread-1  ]: Sending event: {'category': 'dbt', 'action': 'run_model', 'label': 'ea23ab60-e51e-47ab-bee3-bfe5922162fb', 'context': [<snowplow_tracker.self_describing_json.SelfDescribingJson object at 0x7fd2ad1cbe20>]}
20:00:42.740935 [error] [Thread-1  ]: 1 of 1 ERROR creating view model humanresources.stg_humanresources_employee..... [[31mERROR[0m in 1.66s]
20:00:42.741350 [debug] [Thread-1  ]: Finished running node model.adventure_works.stg_humanresources_employee
20:00:42.742598 [debug] [MainThread]: Acquiring new postgres connection "master"
20:00:42.742865 [debug] [MainThread]: Using postgres connection "master"
20:00:42.743042 [debug] [MainThread]: On master: BEGIN
20:00:42.743204 [debug] [MainThread]: Opening a new connection, currently in state closed
20:00:44.033954 [debug] [MainThread]: SQL status: BEGIN in 1.29 seconds
20:00:44.034182 [debug] [MainThread]: On master: COMMIT
20:00:44.034313 [debug] [MainThread]: Using postgres connection "master"
20:00:44.034444 [debug] [MainThread]: On master: COMMIT
20:00:44.192866 [debug] [MainThread]: SQL status: COMMIT in 0.16 seconds
20:00:44.193108 [debug] [MainThread]: On master: Close
20:00:44.193506 [info ] [MainThread]: 
20:00:44.193760 [info ] [MainThread]: Finished running 1 view model in 16.65s.
20:00:44.193993 [debug] [MainThread]: Connection 'master' was properly closed.
20:00:44.194183 [debug] [MainThread]: Connection 'model.adventure_works.stg_humanresources_employee' was properly closed.
20:00:44.197796 [info ] [MainThread]: 
20:00:44.198153 [info ] [MainThread]: [31mCompleted with 1 error and 0 warnings:[0m
20:00:44.198455 [info ] [MainThread]: 
20:00:44.198710 [error] [MainThread]: [33mDatabase Error in model stg_humanresources_employee (models/staging/stg_humanresources_employee.sql)[0m
20:00:44.198965 [error] [MainThread]:   permission denied for schema humanresources
20:00:44.199197 [error] [MainThread]:   compiled SQL at target/run/adventure_works/models/staging/stg_humanresources_employee.sql
20:00:44.199462 [info ] [MainThread]: 
20:00:44.199722 [info ] [MainThread]: Done. PASS=0 WARN=0 ERROR=1 SKIP=0 TOTAL=1
20:00:44.200076 [debug] [MainThread]: Sending event: {'category': 'dbt', 'action': 'invocation', 'label': 'end', 'context': [<snowplow_tracker.self_describing_json.SelfDescribingJson object at 0x7fd2aa59db80>, <snowplow_tracker.self_describing_json.SelfDescribingJson object at 0x7fd2a9ce3f40>, <snowplow_tracker.self_describing_json.SelfDescribingJson object at 0x7fd2a9ce3ca0>]}
